<?xml version="1.0" encoding="UTF-8"?>
<!-- Generated by org.testng.reporters.JUnitReportReporter -->
<testsuite skipped="0" hostname="LAPTOP-KAJ8NU67" name="POMDesign.AllOrderTest" tests="1" failures="0" timestamp="12 Dec 2018 19:58:52 GMT" time="2.466" errors="0">
  <testcase name="labelsVerification" time="2.466" classname="POMDesign.AllOrderTest"/>
</testsuite> <!-- POMDesign.AllOrderTest -->
