<?xml version="1.0" encoding="UTF-8"?>
<!-- Generated by org.testng.reporters.JUnitReportReporter -->
<testsuite skipped="0" hostname="LAPTOP-KAJ8NU67" name="com.booit.tests.NewTest" tests="1" failures="0" timestamp="09 Jan 2019 14:57:04 GMT" time="0.593" errors="0">
  <testcase name="PostGreSQL" time="0.593" classname="com.booit.tests.NewTest"/>
</testsuite> <!-- com.booit.tests.NewTest -->
