<?xml version="1.0" encoding="UTF-8"?>
<!-- Generated by org.testng.reporters.JUnitReportReporter -->
<testsuite skipped="0" hostname="LAPTOP-KAJ8NU67" name="com.grid.gridTest" tests="1" failures="0" timestamp="11 Dec 2018 17:44:06 GMT" time="43.213" errors="0">
  <testcase name="login" time="43.213" classname="com.grid.gridTest"/>
</testsuite> <!-- com.grid.gridTest -->
