<?xml version="1.0" encoding="UTF-8"?>
<!-- Generated by org.testng.reporters.JUnitReportReporter -->
<testsuite skipped="0" hostname="LAPTOP-KAJ8NU67" name="com.grid.gridTest2" tests="1" failures="0" timestamp="11 Dec 2018 17:44:06 GMT" time="32.995" errors="0">
  <testcase name="login" time="32.995" classname="com.grid.gridTest2"/>
</testsuite> <!-- com.grid.gridTest2 -->
