<?xml version="1.0" encoding="UTF-8"?>
<!-- Generated by org.testng.reporters.JUnitReportReporter -->
<testsuite skipped="2" hostname="LAPTOP-KAJ8NU67" name="POMDesign.WebOrderLoginTest" tests="3" failures="0" timestamp="12 Dec 2018 20:08:37 GMT" time="1.587" errors="0">
  <testcase name="loginStatusUsingPOM" time="1.587" classname="POMDesign.WebOrderLoginTest"/>
  <testcase name="loginUsingPOM" classname="POMDesign.WebOrderLoginTest">
    <skipped/>
  </testcase> <!-- loginUsingPOM -->
  <testcase name="loginPage" classname="POMDesign.WebOrderLoginTest">
    <skipped/>
  </testcase> <!-- loginPage -->
</testsuite> <!-- POMDesign.WebOrderLoginTest -->
