<?xml version="1.0" encoding="UTF-8"?>
<!-- Generated by org.testng.reporters.JUnitReportReporter -->
<testsuite skipped="0" hostname="LAPTOP-KAJ8NU67" name="hayroMaven.yahoo" tests="1" failures="0" timestamp="06 Dec 2018 17:29:31 GMT" time="31.002" errors="0">
  <testcase name="navigatetoyahoo" time="31.002" classname="hayroMaven.yahoo"/>
</testsuite> <!-- hayroMaven.yahoo -->
