<?xml version="1.0" encoding="UTF-8"?>
<!-- Generated by org.testng.reporters.JUnitReportReporter -->
<testsuite skipped="0" hostname="LAPTOP-KAJ8NU67" name="hayroMaven.AmazonTest" tests="1" failures="0" timestamp="06 Dec 2018 17:28:45 GMT" time="39.020" errors="0">
  <testcase name="navigatetoamazon" time="39.020" classname="hayroMaven.AmazonTest"/>
</testsuite> <!-- hayroMaven.AmazonTest -->
