<?xml version="1.0" encoding="UTF-8"?>
<!-- Generated by org.testng.reporters.JUnitReportReporter -->
<testsuite skipped="1" hostname="LAPTOP-KAJ8NU67" name="TestCases.AppDataProvider" tests="4" failures="0" timestamp="04 Dec 2018 19:26:55 GMT" time="0.012" errors="0">
  <testcase name="loginTest2" time="0.003" classname="TestCases.AppDataProvider"/>
  <testcase name="loginTest2" time="0.006" classname="TestCases.AppDataProvider"/>
  <testcase name="loginTest2" time="0.003" classname="TestCases.AppDataProvider"/>
  <testcase name="loginTest" classname="TestCases.AppDataProvider">
    <skipped/>
  </testcase> <!-- loginTest -->
</testsuite> <!-- TestCases.AppDataProvider -->
