<?xml version="1.0" encoding="UTF-8"?>
<!-- Generated by org.testng.reporters.JUnitReportReporter -->
<testsuite skipped="1" hostname="LAPTOP-KAJ8NU67" name="AppDataProvider" tests="4" failures="0" timestamp="04 Dec 2018 16:12:53 GMT" time="0.042" errors="0">
  <testcase name="loginTest2" time="0.009" classname="AppDataProvider"/>
  <testcase name="loginTest2" time="0.008" classname="AppDataProvider"/>
  <testcase name="loginTest2" time="0.025" classname="AppDataProvider"/>
  <testcase name="loginTest" classname="AppDataProvider">
    <skipped/>
  </testcase> <!-- loginTest -->
</testsuite> <!-- AppDataProvider -->
