<?xml version="1.0" encoding="UTF-8"?>
<!-- Generated by org.testng.reporters.JUnitReportReporter -->
<testsuite skipped="0" hostname="LAPTOP-KAJ8NU67" name="cybertek2.ABCtest" tests="1" failures="0" timestamp="06 Dec 2018 20:00:55 GMT" time="13.072" errors="0">
  <testcase name="navigatetoabc" time="13.072" classname="cybertek2.ABCtest"/>
</testsuite> <!-- cybertek2.ABCtest -->
