<?xml version="1.0" encoding="UTF-8"?>
<!-- Generated by org.testng.reporters.JUnitReportReporter -->
<testsuite skipped="0" hostname="LAPTOP-KAJ8NU67" name="cybertek2.CNNtest" tests="1" failures="0" timestamp="06 Dec 2018 20:00:55 GMT" time="33.574" errors="0">
  <testcase name="navigatetocnn" time="33.574" classname="cybertek2.CNNtest"/>
</testsuite> <!-- cybertek2.CNNtest -->
