<?xml version="1.0" encoding="UTF-8"?>
<!-- Generated by org.testng.reporters.JUnitReportReporter -->
<testsuite skipped="3" hostname="LAPTOP-KAJ8NU67" name="Task" tests="4" failures="0" timestamp="20 Jun 2019 15:18:00 GMT" time="0.006" errors="0">
  <testcase name="register" time="0.003" classname="Task"/>
  <testcase name="search" time="0.003" classname="Task">
    <skipped/>
  </testcase> <!-- search -->
  <testcase name="buy" time="0.000" classname="Task">
    <skipped/>
  </testcase> <!-- buy -->
  <testcase name="pay" time="0.000" classname="Task">
    <skipped/>
  </testcase> <!-- pay -->
</testsuite> <!-- Task -->
