<?xml version="1.0" encoding="UTF-8"?>
<!-- Generated by org.testng.reporters.JUnitReportReporter -->
<testsuite skipped="1" hostname="LAPTOP-KAJ8NU67" name="AllTestNG" tests="1" failures="0" timestamp="20 Jun 2019 15:29:59 GMT" time="0.006" errors="0">
  <testcase name="login" time="0.006" classname="AllTestNG">
    <skipped/>
  </testcase> <!-- login -->
</testsuite> <!-- AllTestNG -->
