<?xml version="1.0" encoding="UTF-8"?>
<!-- Generated by org.testng.reporters.JUnitReportReporter -->
<testsuite skipped="1" hostname="LAPTOP-KAJ8NU67" name="Dataprovider" tests="4" failures="0" timestamp="20 Jun 2019 15:29:59 GMT" time="0.012" errors="0">
  <testcase name="logout" time="0.005" classname="Dataprovider"/>
  <testcase name="logout" time="0.004" classname="Dataprovider"/>
  <testcase name="logout" time="0.003" classname="Dataprovider"/>
  <testcase name="dataprovider" classname="Dataprovider">
    <skipped/>
  </testcase> <!-- dataprovider -->
</testsuite> <!-- Dataprovider -->
