<?xml version="1.0" encoding="UTF-8"?>
<!-- Generated by org.testng.reporters.JUnitReportReporter -->
<testsuite skipped="1" hostname="LAPTOP-KAJ8NU67" name="testcases.Dataprovider" tests="4" failures="0" timestamp="20 Jun 2019 17:51:52 GMT" time="0.010" errors="0">
  <testcase name="logout" time="0.002" classname="testcases.Dataprovider"/>
  <testcase name="logout" time="0.001" classname="testcases.Dataprovider"/>
  <testcase name="logout" time="0.007" classname="testcases.Dataprovider"/>
  <testcase name="dataprovider" classname="testcases.Dataprovider">
    <skipped/>
  </testcase> <!-- dataprovider -->
</testsuite> <!-- testcases.Dataprovider -->
